[INFO] Scanning for projects...
[INFO] 
[INFO] ------------------< com.inventory:inventory-backend >-------------------
[INFO] Building Inventory Management Backend 1.0.0
[INFO]   from pom.xml
[INFO] --------------------------------[ jar ]---------------------------------
[INFO] 
[INFO] --- clean:3.3.2:clean (default-clean) @ inventory-backend ---
[INFO] Deleting E:\react-tutorial\demo-app\inventory-backend\target
[INFO] 
[INFO] --- resources:3.3.1:resources (default-resources) @ inventory-backend ---
[INFO] Copying 1 resource from src\main\resources to target\classes
[INFO] Copying 3 resources from src\main\resources to target\classes
[INFO] 
[INFO] --- compiler:3.11.0:compile (default-compile) @ inventory-backend ---
[INFO] Changes detected - recompiling the module! :source
[INFO] Compiling 55 source files with javac [debug release 21] to target\classes
[INFO] ------------------------------------------------------------------------
[INFO] BUILD FAILURE
[INFO] ------------------------------------------------------------------------
[INFO] Total time:  3.474 s
[INFO] Finished at: 2026-03-27T09:59:51+05:30
[INFO] ------------------------------------------------------------------------
[ERROR] Failed to execute goal org.apache.maven.plugins:maven-compiler-plugin:3.11.0:compile (default-compile) on project inventory-backend: Fatal error compiling: java.lang.ExceptionInInitializerError: com.sun.tools.javac.code.TypeTag :: UNKNOWN -> [Help 1]
[ERROR] 
[ERROR] To see the full stack trace of the errors, re-run Maven with the -e switch.
[ERROR] Re-run Maven using the -X switch to enable full debug logging.
[ERROR] 
[ERROR] For more information about the errors and possible solutions, please read the following articles:
[ERROR] [Help 1] http://cwiki.apache.org/confluence/display/MAVEN/MojoExecutionException
